app/build/intermediates/manifest_merge_blame_file/debug/manifest-merger-blame-debug-report.txt
1<?xml version="1.0" encoding="utf-8"?>
2<manifest xmlns:android="http://schemas.android.com/apk/res/android"
3    package="com.project.ucare"
4    android:versionCode="1"
5    android:versionName="1.0" >
6
7    <uses-sdk
8        android:minSdkVersion="19"
8-->src\main\AndroidManifest.xml
9        android:targetSdkVersion="30" />
9-->src\main\AndroidManifest.xml
10
11    <uses-permission android:name="android.permission.INTERNET" />
11-->src\main\AndroidManifest.xml:6:5-67
11-->src\main\AndroidManifest.xml:6:22-64
12    <uses-permission android:name="android.permission.CALL_PHONE" />
12-->src\main\AndroidManifest.xml:7:5-69
12-->src\main\AndroidManifest.xml:7:22-66
13    <uses-permission android:name="android.permission.RECEIVE_BOOT_COMPLETED" />
13-->src\main\AndroidManifest.xml:8:5-81
13-->src\main\AndroidManifest.xml:8:22-78
14    <uses-permission android:name="android.permission.USE_FULL_SCREEN_INTENT" />
14-->src\main\AndroidManifest.xml:10:5-81
14-->src\main\AndroidManifest.xml:10:22-78
15    <uses-permission android:name="android.permission.VIBRATE" />
15-->src\main\AndroidManifest.xml:12:5-66
15-->src\main\AndroidManifest.xml:12:22-63
16    <uses-permission android:name="android.permission.ACCESS_NETWORK_STATE" />
16-->[com.github.xihadulislam:androidUtils:1.0.5] AndroidManifest.xml:11:5-79
16-->[com.github.xihadulislam:androidUtils:1.0.5] AndroidManifest.xml:11:22-76
17
18    <application
18-->src\main\AndroidManifest.xml:14:5-69:19
19        android:name="com.project.ucare.MyApplication"
19-->src\main\AndroidManifest.xml:15:9-38
20        android:allowBackup="true"
20-->src\main\AndroidManifest.xml:16:9-35
21        android:appComponentFactory="androidx.core.app.CoreComponentFactory"
21-->[androidx.core:core:1.5.0] AndroidManifest.xml:24:18-86
22        android:debuggable="true"
23        android:icon="@mipmap/ic_launcher"
23-->src\main\AndroidManifest.xml:17:9-43
24        android:label="@string/app_name"
24-->src\main\AndroidManifest.xml:18:9-41
25        android:roundIcon="@mipmap/ic_launcher_round"
25-->src\main\AndroidManifest.xml:19:9-54
26        android:supportsRtl="true"
26-->src\main\AndroidManifest.xml:20:9-35
27        android:testOnly="true"
28        android:theme="@style/Theme.UCare" >
28-->src\main\AndroidManifest.xml:21:9-43
29        <activity android:name="com.project.ucare.screens.alarm.AlarmActivity" >
29-->src\main\AndroidManifest.xml:22:9-24:20
29-->src\main\AndroidManifest.xml:22:19-62
30        </activity>
31        <activity android:name="com.project.ucare.screens.medicine.AddMedicineActivity" />
31-->src\main\AndroidManifest.xml:25:9-74
31-->src\main\AndroidManifest.xml:25:19-71
32        <activity android:name="com.project.ucare.screens.auth.ResetPasswordActivity" />
32-->src\main\AndroidManifest.xml:26:9-72
32-->src\main\AndroidManifest.xml:26:19-69
33        <activity android:name="com.project.ucare.screens.schedule.ScheduleActivity" />
33-->src\main\AndroidManifest.xml:27:9-71
33-->src\main\AndroidManifest.xml:27:19-68
34        <activity android:name="com.project.ucare.screens.auth.SignUpActivity" />
34-->src\main\AndroidManifest.xml:28:9-65
34-->src\main\AndroidManifest.xml:28:19-62
35        <activity android:name="com.project.ucare.screens.auth.LoginActivity" />
35-->src\main\AndroidManifest.xml:29:9-64
35-->src\main\AndroidManifest.xml:29:19-61
36        <activity android:name="com.project.ucare.screens.main.createprofile.CreateProfileActivity" />
36-->src\main\AndroidManifest.xml:30:9-86
36-->src\main\AndroidManifest.xml:30:19-83
37        <activity
37-->src\main\AndroidManifest.xml:31:9-33:59
38            android:name="com.project.ucare.screens.main.MainActivity"
38-->src\main\AndroidManifest.xml:32:13-54
39            android:label="@string/title_activity_main" />
39-->src\main\AndroidManifest.xml:33:13-56
40        <activity android:name="com.project.ucare.screens.splash.SplashActivity" >
40-->src\main\AndroidManifest.xml:34:9-40:20
40-->src\main\AndroidManifest.xml:34:19-64
41            <intent-filter>
41-->src\main\AndroidManifest.xml:35:13-39:29
42                <action android:name="android.intent.action.MAIN" />
42-->src\main\AndroidManifest.xml:36:17-69
42-->src\main\AndroidManifest.xml:36:25-66
43
44                <category android:name="android.intent.category.LAUNCHER" />
44-->src\main\AndroidManifest.xml:38:17-77
44-->src\main\AndroidManifest.xml:38:27-74
45            </intent-filter>
46        </activity>
47
48        <receiver
48-->src\main\AndroidManifest.xml:43:9-51:20
49            android:name="com.project.ucare.screens.alarm.MyBroadCastReceiver"
49-->src\main\AndroidManifest.xml:44:13-62
50            android:directBootAware="true"
50-->src\main\AndroidManifest.xml:45:13-43
51            android:enabled="true"
51-->src\main\AndroidManifest.xml:46:13-35
52            android:exported="true" >
52-->src\main\AndroidManifest.xml:47:13-36
53            <intent-filter>
53-->src\main\AndroidManifest.xml:48:13-50:29
54                <action android:name="android.intent.action.BOOT_COMPLETED" />
54-->src\main\AndroidManifest.xml:49:17-79
54-->src\main\AndroidManifest.xml:49:25-76
55            </intent-filter>
56        </receiver>
57
58        <service
58-->src\main\AndroidManifest.xml:53:9-57:41
59            android:name="com.project.ucare.screens.alarm.MyService"
59-->src\main\AndroidManifest.xml:54:13-52
60            android:enabled="true"
60-->src\main\AndroidManifest.xml:55:13-35
61            android:exported="false"
61-->src\main\AndroidManifest.xml:56:13-37
62            android:process=":remote" />
62-->src\main\AndroidManifest.xml:57:13-38
63
64        <receiver
64-->src\main\AndroidManifest.xml:60:9-67:20
65            android:name="com.project.ucare.screens.alarm.NotificationActionReceiver"
65-->src\main\AndroidManifest.xml:61:13-69
66            android:directBootAware="true"
66-->src\main\AndroidManifest.xml:62:13-43
67            android:enabled="true"
67-->src\main\AndroidManifest.xml:63:13-35
68            android:exported="true" >
68-->src\main\AndroidManifest.xml:64:13-36
69        </receiver>
70
71        <activity android:name="com.xihad.androidutils.activity.ExampleActivity" />
71-->[com.github.xihadulislam:androidUtils:1.0.5] AndroidManifest.xml:14:9-84
71-->[com.github.xihadulislam:androidUtils:1.0.5] AndroidManifest.xml:14:19-81
72        <activity
72-->[com.google.firebase:firebase-auth:21.0.1] AndroidManifest.xml:27:9-44:20
73            android:name="com.google.firebase.auth.internal.GenericIdpActivity"
73-->[com.google.firebase:firebase-auth:21.0.1] AndroidManifest.xml:28:13-80
74            android:excludeFromRecents="true"
74-->[com.google.firebase:firebase-auth:21.0.1] AndroidManifest.xml:29:13-46
75            android:exported="true"
75-->[com.google.firebase:firebase-auth:21.0.1] AndroidManifest.xml:30:13-36
76            android:launchMode="singleTask"
76-->[com.google.firebase:firebase-auth:21.0.1] AndroidManifest.xml:31:13-44
77            android:theme="@android:style/Theme.Translucent.NoTitleBar" >
77-->[com.google.firebase:firebase-auth:21.0.1] AndroidManifest.xml:32:13-72
78            <intent-filter>
78-->[com.google.firebase:firebase-auth:21.0.1] AndroidManifest.xml:33:13-43:29
79                <action android:name="android.intent.action.VIEW" />
79-->[com.google.firebase:firebase-auth:21.0.1] AndroidManifest.xml:34:17-69
79-->[com.google.firebase:firebase-auth:21.0.1] AndroidManifest.xml:34:25-66
80
81                <category android:name="android.intent.category.DEFAULT" />
81-->[com.google.firebase:firebase-auth:21.0.1] AndroidManifest.xml:36:17-76
81-->[com.google.firebase:firebase-auth:21.0.1] AndroidManifest.xml:36:27-73
82                <category android:name="android.intent.category.BROWSABLE" />
82-->[com.google.firebase:firebase-auth:21.0.1] AndroidManifest.xml:37:17-78
82-->[com.google.firebase:firebase-auth:21.0.1] AndroidManifest.xml:37:27-75
83
84                <data
84-->[com.google.firebase:firebase-auth:21.0.1] AndroidManifest.xml:39:17-42:51
85                    android:host="firebase.auth"
85-->[com.google.firebase:firebase-auth:21.0.1] AndroidManifest.xml:40:21-49
86                    android:path="/"
86-->[com.google.firebase:firebase-auth:21.0.1] AndroidManifest.xml:41:21-37
87                    android:scheme="genericidp" />
87-->[com.google.firebase:firebase-auth:21.0.1] AndroidManifest.xml:42:21-48
88            </intent-filter>
89        </activity>
90        <activity
90-->[com.google.firebase:firebase-auth:21.0.1] AndroidManifest.xml:45:9-62:20
91            android:name="com.google.firebase.auth.internal.RecaptchaActivity"
91-->[com.google.firebase:firebase-auth:21.0.1] AndroidManifest.xml:46:13-79
92            android:excludeFromRecents="true"
92-->[com.google.firebase:firebase-auth:21.0.1] AndroidManifest.xml:47:13-46
93            android:exported="true"
93-->[com.google.firebase:firebase-auth:21.0.1] AndroidManifest.xml:48:13-36
94            android:launchMode="singleTask"
94-->[com.google.firebase:firebase-auth:21.0.1] AndroidManifest.xml:49:13-44
95            android:theme="@android:style/Theme.Translucent.NoTitleBar" >
95-->[com.google.firebase:firebase-auth:21.0.1] AndroidManifest.xml:50:13-72
96            <intent-filter>
96-->[com.google.firebase:firebase-auth:21.0.1] AndroidManifest.xml:51:13-61:29
97                <action android:name="android.intent.action.VIEW" />
97-->[com.google.firebase:firebase-auth:21.0.1] AndroidManifest.xml:34:17-69
97-->[com.google.firebase:firebase-auth:21.0.1] AndroidManifest.xml:34:25-66
98
99                <category android:name="android.intent.category.DEFAULT" />
99-->[com.google.firebase:firebase-auth:21.0.1] AndroidManifest.xml:36:17-76
99-->[com.google.firebase:firebase-auth:21.0.1] AndroidManifest.xml:36:27-73
100                <category android:name="android.intent.category.BROWSABLE" />
100-->[com.google.firebase:firebase-auth:21.0.1] AndroidManifest.xml:37:17-78
100-->[com.google.firebase:firebase-auth:21.0.1] AndroidManifest.xml:37:27-75
101
102                <data
102-->[com.google.firebase:firebase-auth:21.0.1] AndroidManifest.xml:39:17-42:51
103                    android:host="firebase.auth"
103-->[com.google.firebase:firebase-auth:21.0.1] AndroidManifest.xml:40:21-49
104                    android:path="/"
104-->[com.google.firebase:firebase-auth:21.0.1] AndroidManifest.xml:41:21-37
105                    android:scheme="recaptcha" />
105-->[com.google.firebase:firebase-auth:21.0.1] AndroidManifest.xml:42:21-48
106            </intent-filter>
107        </activity>
108
109        <service
109-->[com.google.firebase:firebase-auth:21.0.1] AndroidManifest.xml:64:9-73:19
110            android:name="com.google.firebase.auth.api.fallback.service.FirebaseAuthFallbackService"
110-->[com.google.firebase:firebase-auth:21.0.1] AndroidManifest.xml:65:13-101
111            android:enabled="true"
111-->[com.google.firebase:firebase-auth:21.0.1] AndroidManifest.xml:66:13-35
112            android:exported="false" >
112-->[com.google.firebase:firebase-auth:21.0.1] AndroidManifest.xml:67:13-37
113            <intent-filter>
113-->[com.google.firebase:firebase-auth:21.0.1] AndroidManifest.xml:68:13-72:29
114                <action android:name="com.google.firebase.auth.api.gms.service.START" />
114-->[com.google.firebase:firebase-auth:21.0.1] AndroidManifest.xml:69:17-89
114-->[com.google.firebase:firebase-auth:21.0.1] AndroidManifest.xml:69:25-86
115
116                <category android:name="android.intent.category.DEFAULT" />
116-->[com.google.firebase:firebase-auth:21.0.1] AndroidManifest.xml:36:17-76
116-->[com.google.firebase:firebase-auth:21.0.1] AndroidManifest.xml:36:27-73
117            </intent-filter>
118        </service>
119        <service
119-->[com.google.firebase:firebase-auth:21.0.1] AndroidManifest.xml:74:9-80:19
120            android:name="com.google.firebase.components.ComponentDiscoveryService"
120-->[com.google.firebase:firebase-auth:21.0.1] AndroidManifest.xml:75:13-84
121            android:directBootAware="true"
121-->[com.google.firebase:firebase-common:20.0.0] AndroidManifest.xml:35:13-43
122            android:exported="false" >
122-->[com.google.firebase:firebase-auth:21.0.1] AndroidManifest.xml:76:13-37
123            <meta-data
123-->[com.google.firebase:firebase-auth:21.0.1] AndroidManifest.xml:77:13-79:85
124                android:name="com.google.firebase.components:com.google.firebase.auth.FirebaseAuthRegistrar"
124-->[com.google.firebase:firebase-auth:21.0.1] AndroidManifest.xml:78:17-109
125                android:value="com.google.firebase.components.ComponentRegistrar" />
125-->[com.google.firebase:firebase-auth:21.0.1] AndroidManifest.xml:79:17-82
126            <meta-data
126-->[com.google.firebase:firebase-database:20.0.0] AndroidManifest.xml:32:13-34:85
127                android:name="com.google.firebase.components:com.google.firebase.database.DatabaseRegistrar"
127-->[com.google.firebase:firebase-database:20.0.0] AndroidManifest.xml:33:17-109
128                android:value="com.google.firebase.components.ComponentRegistrar" />
128-->[com.google.firebase:firebase-database:20.0.0] AndroidManifest.xml:34:17-82
129            <meta-data
129-->[com.google.firebase:firebase-firestore:23.0.0] AndroidManifest.xml:20:13-22:85
130                android:name="com.google.firebase.components:com.google.firebase.firestore.FirestoreRegistrar"
130-->[com.google.firebase:firebase-firestore:23.0.0] AndroidManifest.xml:21:17-111
131                android:value="com.google.firebase.components.ComponentRegistrar" />
131-->[com.google.firebase:firebase-firestore:23.0.0] AndroidManifest.xml:22:17-82
132        </service>
133
134        <activity
134-->[com.google.android.gms:play-services-auth:19.0.0] AndroidManifest.xml:23:9-27:75
135            android:name="com.google.android.gms.auth.api.signin.internal.SignInHubActivity"
135-->[com.google.android.gms:play-services-auth:19.0.0] AndroidManifest.xml:24:13-93
136            android:excludeFromRecents="true"
136-->[com.google.android.gms:play-services-auth:19.0.0] AndroidManifest.xml:25:13-46
137            android:exported="false"
137-->[com.google.android.gms:play-services-auth:19.0.0] AndroidManifest.xml:26:13-37
138            android:theme="@android:style/Theme.Translucent.NoTitleBar" />
138-->[com.google.android.gms:play-services-auth:19.0.0] AndroidManifest.xml:27:13-72
139        <!--
140            Service handling Google Sign-In user revocation. For apps that do not integrate with
141            Google Sign-In, this service will never be started.
142        -->
143        <service
143-->[com.google.android.gms:play-services-auth:19.0.0] AndroidManifest.xml:33:9-37:51
144            android:name="com.google.android.gms.auth.api.signin.RevocationBoundService"
144-->[com.google.android.gms:play-services-auth:19.0.0] AndroidManifest.xml:34:13-89
145            android:exported="true"
145-->[com.google.android.gms:play-services-auth:19.0.0] AndroidManifest.xml:35:13-36
146            android:permission="com.google.android.gms.auth.api.signin.permission.REVOCATION_NOTIFICATION"
146-->[com.google.android.gms:play-services-auth:19.0.0] AndroidManifest.xml:36:13-107
147            android:visibleToInstantApps="true" />
147-->[com.google.android.gms:play-services-auth:19.0.0] AndroidManifest.xml:37:13-48
148
149        <activity
149-->[com.google.android.gms:play-services-base:17.1.0] AndroidManifest.xml:23:9-26:75
150            android:name="com.google.android.gms.common.api.GoogleApiActivity"
150-->[com.google.android.gms:play-services-base:17.1.0] AndroidManifest.xml:24:13-79
151            android:exported="false"
151-->[com.google.android.gms:play-services-base:17.1.0] AndroidManifest.xml:25:13-37
152            android:theme="@android:style/Theme.Translucent.NoTitleBar" />
152-->[com.google.android.gms:play-services-base:17.1.0] AndroidManifest.xml:26:13-72
153
154        <provider
154-->[com.google.firebase:firebase-common:20.0.0] AndroidManifest.xml:26:9-31:39
155            android:name="com.google.firebase.provider.FirebaseInitProvider"
155-->[com.google.firebase:firebase-common:20.0.0] AndroidManifest.xml:27:13-77
156            android:authorities="com.project.ucare.firebaseinitprovider"
156-->[com.google.firebase:firebase-common:20.0.0] AndroidManifest.xml:28:13-72
157            android:directBootAware="true"
157-->[com.google.firebase:firebase-common:20.0.0] AndroidManifest.xml:29:13-43
158            android:exported="false"
158-->[com.google.firebase:firebase-common:20.0.0] AndroidManifest.xml:30:13-37
159            android:initOrder="100" />
159-->[com.google.firebase:firebase-common:20.0.0] AndroidManifest.xml:31:13-36
160
161        <meta-data
161-->[com.google.android.gms:play-services-basement:17.1.1] AndroidManifest.xml:23:9-25:69
162            android:name="com.google.android.gms.version"
162-->[com.google.android.gms:play-services-basement:17.1.1] AndroidManifest.xml:24:13-58
163            android:value="@integer/google_play_services_version" />
163-->[com.google.android.gms:play-services-basement:17.1.1] AndroidManifest.xml:25:13-66
164    </application>
165
166</manifest>